  1.nullptr.cpp
  4.auto.cpp
C:\Users\86186\Desktop\c-2022317\4.auto.cpp(10,8): error C3531: “a”: 类型包含“auto”的符号必须具有初始值设定项
C:\Users\86186\Desktop\c-2022317\4.auto.cpp(11,7): error C3530: “auto”不能与任何其他类型说明符组合
C:\Users\86186\Desktop\c-2022317\4.auto.cpp(14,8): error C2040: “a”:“auto *”与“int”的间接寻址级别不同
C:\Users\86186\Desktop\c-2022317\4.auto.cpp(15,7): error C2371: “b”: 重定义；不同的基类型
C:\Users\86186\Desktop\c-2022317\4.auto.cpp(11): message : 参见“b”的声明
  3.constexpr.cpp
C:\Users\86186\Desktop\c-2022317\3.constexpr.cpp(13,3): error C3892: “t”: 不能给常量赋值
  2.原始自变量.cpp
C:\Users\86186\Desktop\c-2022317\2.原始自变量.cpp(7,15): warning C4129: “h”: 不可识别的字符转义序列
C:\Users\86186\Desktop\c-2022317\2.原始自变量.cpp(7,15): warning C4129: “w”: 不可识别的字符转义序列
C:\Users\86186\Desktop\c-2022317\2.原始自变量.cpp(27,9): error C2374: “str3”: 重定义；多次初始化
C:\Users\86186\Desktop\c-2022317\2.原始自变量.cpp(19): message : 参见“str3”的声明
  5.decltype.cpp
C:\Users\86186\Desktop\c-2022317\5.decltype.cpp(9,19): error C2371: “b”: 重定义；不同的基类型
C:\Users\86186\Desktop\c-2022317\5.decltype.cpp(8): message : 参见“b”的声明
  final.cpp
C:\Users\86186\Desktop\c-2022317\final.cpp(12,3): error C2059: 语法错误:“常数”
  返回值后置.cpp
C:\Users\86186\Desktop\c-2022317\返回值后置.cpp(7,1): error C2447: “{”: 缺少函数标题(是否是老式的形式表?)
  正在生成代码...
